[01:37:30.927] [INIT] ---------------------------------------- Log started at: 2025-04-09 01:37:30 ---------------------------------------- 
[01:37:30.951] [INFO] OpenCL init OK.
[01:37:34.522] [INIT] ---------------------------------------- Log started at: 2025-04-09 01:37:34 ---------------------------------------- 
[01:37:34.547] [INFO] OpenCL init OK.
[01:37:40.763] [INIT] ---------------------------------------- Log started at: 2025-04-09 01:37:40 ---------------------------------------- 
[01:37:40.787] [INFO] OpenCL init OK.
[15:18:24.576] [INIT] ---------------------------------------- Log started at: 2025-04-09 15:18:24 ---------------------------------------- 
[15:18:24.704] [INFO] OpenCL init OK.
[15:18:24.704] [DEBUG] SOMETHING!
[15:59:09.700] [INIT] ---------------------------------------- Log started at: 2025-04-09 15:59:09 ---------------------------------------- 
[15:59:09.722] [INFO] OpenCL init OK.
[15:59:09.722] [DEBUG] SOMETHING!
[00:18:57.117] [INIT] ---------------------------------------- Log started at: 2025-04-10 00:18:57 ---------------------------------------- 
[00:18:57.267] [INFO] OpenCL init OK.
[00:18:57.267] [DEBUG] SOMETHING!
[00:17:59.715] [INIT] ---------------------------------------- Log started at: 2025-04-11 00:17:59 ---------------------------------------- 
[00:17:59.904] [INFO] OpenCL init OK.
[00:17:59.904] [DEBUG] SOMETHING!
[00:55:38.577] [INIT] ---------------------------------------- Log started at: 2025-04-11 00:55:38 ---------------------------------------- 
[00:55:38.605] [INFO] OpenCL init OK.
[00:55:38.605] [DEBUG] SOMETHING!
[00:55:41.930] [INIT] ---------------------------------------- Log started at: 2025-04-11 00:55:41 ---------------------------------------- 
[00:55:41.963] [INFO] OpenCL init OK.
[00:55:41.963] [DEBUG] SOMETHING!
[22:46:02.739] [INIT] ---------------------------------------- Log started at: 2025-04-11 22:46:02 ---------------------------------------- 
[22:46:02.925] [INFO] OpenCL init OK.
[22:46:02.925] [DEBUG] SOMETHING!
[22:46:20.668] [INIT] ---------------------------------------- Log started at: 2025-04-11 22:46:20 ---------------------------------------- 
[22:46:20.694] [INFO] OpenCL init OK.
[22:46:20.694] [DEBUG] SOMETHING!
[23:56:27.385] [INIT] ---------------------------------------- Log started at: 2025-04-11 23:56:27 ---------------------------------------- 
[23:56:27.420] [INFO] OpenCL init OK.
[23:56:27.420] [DEBUG] SOMETHING!
[23:56:34.110] [INIT] ---------------------------------------- Log started at: 2025-04-11 23:56:34 ---------------------------------------- 
[23:56:34.145] [INFO] OpenCL init OK.
[23:56:34.145] [DEBUG] SOMETHING!
[23:27:04.827] [INIT] ---------------------------------------- Log started at: 2025-04-12 23:27:04 ---------------------------------------- 
[23:27:05.006] [INFO] OpenCL init OK.
[23:27:05.006] [DEBUG] SOMETHING!
[23:27:09.882] [INIT] ---------------------------------------- Log started at: 2025-04-12 23:27:09 ---------------------------------------- 
[23:27:09.913] [INFO] OpenCL init OK.
[23:27:09.913] [DEBUG] SOMETHING!
[23:28:36.111] [INIT] ---------------------------------------- Log started at: 2025-04-12 23:28:36 ---------------------------------------- 
[23:28:36.142] [INFO] OpenCL init OK.
[23:28:36.142] [DEBUG] SOMETHING!
[00:26:44.483] [INIT] ---------------------------------------- Log started at: 2025-04-13 00:26:44 ---------------------------------------- 
[00:26:44.517] [INFO] OpenCL init OK.
[00:26:44.517] [DEBUG] SOMETHING!
[00:28:21.749] [INIT] ---------------------------------------- Log started at: 2025-04-13 00:28:21 ---------------------------------------- 
[00:28:21.777] [INFO] OpenCL init OK.
[00:28:21.777] [DEBUG] SOMETHING!
[00:28:21.777] [ERROR] OpenCL error: Unknown OpenCL error (1)
Situation: Hello
[00:30:11.083] [INIT] ---------------------------------------- Log started at: 2025-04-13 00:30:11 ---------------------------------------- 
[00:30:11.117] [INFO] OpenCL init OK.
[00:30:11.117] [DEBUG] SOMETHING!
[00:30:11.117] [ERROR] OpenCL error: Unknown OpenCL error (1)
Situation: not specified
[00:30:22.337] [INIT] ---------------------------------------- Log started at: 2025-04-13 00:30:22 ---------------------------------------- 
[00:30:22.367] [INFO] OpenCL init OK.
[00:30:22.367] [DEBUG] SOMETHING!
[00:30:22.367] [ERROR] OpenCL error: Unknown OpenCL error (1)
Situation: KEKW
[00:39:16.628] [INIT] ---------------------------------------- Log started at: 2025-04-13 00:39:16 ---------------------------------------- 
[00:39:16.665] [INFO] OpenCL init OK.
[00:39:16.665] [DEBUG] SOMETHING!
[00:39:16.665] [ERROR] OpenCL error: Unknown OpenCL error (1)
Situation: KEKW
[01:16:51.884] [INIT] ---------------------------------------- Log started at: 2025-04-13 01:16:51 ---------------------------------------- 
[01:16:51.916] [INFO] OpenCL init OK.
[01:16:51.916] [DEBUG] SOMETHING!
[01:16:51.916] [ERROR] OpenCL error: Unknown OpenCL error (1)
Situation: KEKW
[01:17:01.463] [INIT] ---------------------------------------- Log started at: 2025-04-13 01:17:01 ---------------------------------------- 
[01:17:01.498] [INFO] OpenCL init OK.
[01:17:01.498] [DEBUG] SOMETHING!
[01:17:01.498] [ERROR] OpenCL error: Unknown OpenCL error (1)
Situation: KEKW
[21:43:28.040] [INIT] ---------------------------------------- Log started at: 2025-04-13 21:43:28 ---------------------------------------- 
[21:43:28.072] [INFO] OpenCL init OK.
[21:43:28.072] [DEBUG] SOMETHING!
[21:53:24.739] [INIT] ---------------------------------------- Log started at: 2025-04-13 21:53:24 ---------------------------------------- 
[21:53:24.763] [INFO] OpenCL init OK.
[21:53:24.763] [DEBUG] SOMETHING!
[21:53:24.763] [ASSERT FAIL] WTF
[22:40:02.495] [INIT] ---------------------------------------- Log started at: 2025-04-13 22:40:02 ---------------------------------------- 
[22:40:02.526] [INFO] OpenCL init OK.
[22:40:02.526] [DEBUG] SOMETHING!
[22:40:02.526] [ASSERT FAILED] WTF
[22:40:38.247] [INIT] ---------------------------------------- Log started at: 2025-04-13 22:40:38 ---------------------------------------- 
[22:40:38.276] [INFO] OpenCL init OK.
[22:40:38.276] [DEBUG] SOMETHING!
[22:40:38.276] [ASSERT FAILED] WTF
[22:40:45.434] [INIT] ---------------------------------------- Log started at: 2025-04-13 22:40:45 ---------------------------------------- 
[22:40:45.464] [INFO] OpenCL init OK.
[22:40:45.464] [DEBUG] SOMETHING!
[22:40:45.464] [OpenCL Error] Unknown OpenCL error (1)
		Situation: HUH
[22:42:45.294] [INIT] ---------------------------------------- Log started at: 2025-04-13 22:42:45 ---------------------------------------- 
[22:42:45.326] [INFO] OpenCL init OK.
[22:42:45.326] [DEBUG] SOMETHING!
[22:42:45.326] [OpenCL Error] Unknown OpenCL error (1)
		Situation: HUH
[22:58:37.078] [INIT] ---------------------------------------- Log started at: 2025-04-13 22:58:37 ---------------------------------------- 
[22:58:37.105] [INFO] OpenCL init OK.
[22:58:37.105] [DEBUG] SOMETHING!
[22:58:37.105] [SUCCESS] Everything works because nothing's been tested
